<?xml version="1.0" encoding="UTF-8"?>
<!-- Generated by org.testng.reporters.JUnitXMLReporter -->
<testsuite hostname="DESKTOP-TCEP82C" ignored="1" name="Test" tests="6" failures="1" timestamp="04 Sep 2021 04:13:14 GMT" time="0.04" errors="0">
  <testcase name="tc0" time="0.007" classname="org.sample.SampleTest2"/>
  <testcase name="tc02" time="0.001" classname="org.sample.SampleTest2"/>
  <testcase name="tc04" time="0.002" classname="org.sample.SampleTest2">
    <failure type="java.lang.AssertionError" message="expected [true] but found [false]">
      <![CDATA[java.lang.AssertionError: expected [true] but found [false]
at org.sample.SampleTest2.tc04(SampleTest2.java:32)
... Removed 29 stack frames]]>
    </failure>
  </testcase> <!-- tc04 -->
  <testcase name="tc01" time="0.0" classname="org.sample.SampleTest2">
    <skipped/>
  </testcase> <!-- tc01 -->
  <testcase name="tc05" time="0.0" classname="org.sample.SampleTest2">
    <skipped/>
  </testcase> <!-- tc05 -->
  <testcase name="tc06" time="0.0" classname="org.sample.SampleTest2">
    <skipped/>
  </testcase> <!-- tc06 -->
  <testcase name="tc03" time="0.0" classname="org.sample.SampleTest2">
    <ignored/>
  </testcase> <!-- tc03 -->
</testsuite> <!-- Test -->
