<?xml version="1.0" encoding="UTF-8"?>
<testng-results skipped="0" failed="0" ignored="0" total="1" passed="1">
  <reporter-output>
  </reporter-output>
  <suite name="Default suite" duration-ms="30872" started-at="2021-09-06T08:05:25Z" finished-at="2021-09-06T08:05:56Z">
    <groups>
    </groups>
    <test name="Default test" duration-ms="30872" started-at="2021-09-06T08:05:25Z" finished-at="2021-09-06T08:05:56Z">
      <class name="org.sample.StaticBlock">
        <test-method status="PASS" signature="tc0()[pri:0, instance:org.sample.StaticBlock@1810399e]" name="tc0" duration-ms="30848" started-at="2021-09-06T08:05:25Z" finished-at="2021-09-06T08:05:56Z">
          <reporter-output>
          </reporter-output>
        </test-method> <!-- tc0 -->
      </class> <!-- org.sample.StaticBlock -->
    </test> <!-- Default test -->
  </suite> <!-- Default suite -->
</testng-results>
